-------------------------------------------------------------------------------
Test set: example.project.TestSimulator
-------------------------------------------------------------------------------
Tests run: 2, Failures: 1, Errors: 0, Skipped: 0, Time elapsed: 0.015 s <<< FAILURE! - in example.project.TestSimulator
testRun2  Time elapsed: 0.003 s  <<< FAILURE!
org.opentest4j.AssertionFailedError: 
	at example.project.TestSimulator.testRun2(TestSimulator.java:20)

